[ 2017-07-24T20:18:03+08:00 ] 127.0.0.1 /
INFO: [ app_init ] --START--
INFO: Run Behavior\BuildLiteBehavior [ RunTime:0.000029s ]
INFO: [ app_init ] --END-- [ RunTime:0.000472s ]
INFO: [ app_begin ] --START--
INFO: Run Behavior\ReadHtmlCacheBehavior [ RunTime:0.000903s ]
INFO: [ app_begin ] --END-- [ RunTime:0.001205s ]
INFO: [ view_parse ] --START--
INFO: [ template_filter ] --START--
INFO: Run Behavior\ContentReplaceBehavior [ RunTime:0.000063s ]
INFO: [ template_filter ] --END-- [ RunTime:0.000145s ]
INFO: Run Behavior\ParseTemplateBehavior [ RunTime:0.004848s ]
INFO: [ view_parse ] --END-- [ RunTime:0.005005s ]
INFO: [ view_filter ] --START--
INFO: Run Behavior\WriteHtmlCacheBehavior [ RunTime:0.000130s ]
INFO: [ view_filter ] --END-- [ RunTime:0.000215s ]
INFO: [ app_end ] --START--
INFO: Run Behavior\ShowPageTraceBehavior [ RunTime:0.000388s ]
INFO: [ app_end ] --END-- [ RunTime:0.000482s ]

[ 2017-07-24T20:23:04+08:00 ] 127.0.0.1 /
INFO: [ app_init ] --START--
INFO: Run Behavior\BuildLiteBehavior [ RunTime:0.000016s ]
INFO: [ app_init ] --END-- [ RunTime:0.000232s ]
INFO: [ app_begin ] --START--
INFO: Run Behavior\ReadHtmlCacheBehavior [ RunTime:0.000243s ]
INFO: [ app_begin ] --END-- [ RunTime:0.000306s ]
INFO: [ app_end ] --START--
INFO: Run Behavior\ShowPageTraceBehavior [ RunTime:0.000256s ]
INFO: [ app_end ] --END-- [ RunTime:0.000320s ]

[ 2017-07-24T20:23:05+08:00 ] 127.0.0.1 /
INFO: [ app_init ] --START--
INFO: Run Behavior\BuildLiteBehavior [ RunTime:0.000017s ]
INFO: [ app_init ] --END-- [ RunTime:0.000251s ]
INFO: [ app_begin ] --START--
INFO: Run Behavior\ReadHtmlCacheBehavior [ RunTime:0.000267s ]
INFO: [ app_begin ] --END-- [ RunTime:0.000340s ]
INFO: [ app_end ] --START--
INFO: Run Behavior\ShowPageTraceBehavior [ RunTime:0.000283s ]
INFO: [ app_end ] --END-- [ RunTime:0.000352s ]

[ 2017-07-24T20:31:12+08:00 ] 127.0.0.1 /index.php
INFO: [ app_init ] --START--
INFO: Run Behavior\BuildLiteBehavior [ RunTime:0.000026s ]
INFO: [ app_init ] --END-- [ RunTime:0.000374s ]
INFO: [ app_begin ] --START--
INFO: Run Behavior\ReadHtmlCacheBehavior [ RunTime:0.000316s ]
INFO: [ app_begin ] --END-- [ RunTime:0.000396s ]
INFO: [ app_end ] --START--
INFO: Run Behavior\ShowPageTraceBehavior [ RunTime:0.000369s ]
INFO: [ app_end ] --END-- [ RunTime:0.000486s ]

[ 2017-07-24T20:34:01+08:00 ] 127.0.0.1 /index.php
INFO: [ app_init ] --START--
INFO: Run Behavior\BuildLiteBehavior [ RunTime:0.000023s ]
INFO: [ app_init ] --END-- [ RunTime:0.000318s ]
INFO: [ app_begin ] --START--
INFO: Run Behavior\ReadHtmlCacheBehavior [ RunTime:0.000390s ]
INFO: [ app_begin ] --END-- [ RunTime:0.000466s ]
INFO: [ app_end ] --START--
INFO: Run Behavior\ShowPageTraceBehavior [ RunTime:0.000648s ]
INFO: [ app_end ] --END-- [ RunTime:0.000805s ]

[ 2017-07-24T20:34:11+08:00 ] 127.0.0.1 /index.php
INFO: [ app_init ] --START--
INFO: Run Behavior\BuildLiteBehavior [ RunTime:0.000019s ]
INFO: [ app_init ] --END-- [ RunTime:0.000277s ]
INFO: [ app_begin ] --START--
INFO: Run Behavior\ReadHtmlCacheBehavior [ RunTime:0.000505s ]
INFO: [ app_begin ] --END-- [ RunTime:0.000613s ]
INFO: [ app_end ] --START--
INFO: Run Behavior\ShowPageTraceBehavior [ RunTime:0.000635s ]
INFO: [ app_end ] --END-- [ RunTime:0.000764s ]

[ 2017-07-24T20:35:08+08:00 ] 127.0.0.1 /index.php
INFO: [ app_init ] --START--
INFO: Run Behavior\BuildLiteBehavior [ RunTime:0.000019s ]
INFO: [ app_init ] --END-- [ RunTime:0.000276s ]
INFO: [ app_begin ] --START--
INFO: Run Behavior\ReadHtmlCacheBehavior [ RunTime:0.000281s ]
INFO: [ app_begin ] --END-- [ RunTime:0.000348s ]
INFO: [ app_end ] --START--
INFO: Run Behavior\ShowPageTraceBehavior [ RunTime:0.000268s ]
INFO: [ app_end ] --END-- [ RunTime:0.000384s ]

[ 2017-07-24T20:35:09+08:00 ] 127.0.0.1 /index.php
INFO: [ app_init ] --START--
INFO: Run Behavior\BuildLiteBehavior [ RunTime:0.000016s ]
INFO: [ app_init ] --END-- [ RunTime:0.000247s ]
INFO: [ app_begin ] --START--
INFO: Run Behavior\ReadHtmlCacheBehavior [ RunTime:0.000240s ]
INFO: [ app_begin ] --END-- [ RunTime:0.000305s ]
INFO: [ app_end ] --START--
INFO: Run Behavior\ShowPageTraceBehavior [ RunTime:0.000250s ]
INFO: [ app_end ] --END-- [ RunTime:0.000314s ]

[ 2017-07-24T20:35:10+08:00 ] 127.0.0.1 /index.php
INFO: [ app_init ] --START--
INFO: Run Behavior\BuildLiteBehavior [ RunTime:0.000017s ]
INFO: [ app_init ] --END-- [ RunTime:0.000236s ]
INFO: [ app_begin ] --START--
INFO: Run Behavior\ReadHtmlCacheBehavior [ RunTime:0.000247s ]
INFO: [ app_begin ] --END-- [ RunTime:0.000321s ]
INFO: [ app_end ] --START--
INFO: Run Behavior\ShowPageTraceBehavior [ RunTime:0.000253s ]
INFO: [ app_end ] --END-- [ RunTime:0.000319s ]

[ 2017-07-24T20:41:45+08:00 ] 127.0.0.1 /Front/User/user
INFO: [ app_init ] --START--
INFO: Run Behavior\BuildLiteBehavior [ RunTime:0.000055s ]
INFO: [ app_init ] --END-- [ RunTime:0.001088s ]
INFO: [ app_begin ] --START--
INFO: Run Behavior\ReadHtmlCacheBehavior [ RunTime:0.000566s ]
INFO: [ app_begin ] --END-- [ RunTime:0.000670s ]
INFO: [ app_end ] --START--
INFO: Run Behavior\ShowPageTraceBehavior [ RunTime:0.000494s ]
INFO: [ app_end ] --END-- [ RunTime:0.000575s ]

[ 2017-07-24T20:45:16+08:00 ] 127.0.0.1 /Front/User/userInfo
INFO: [ app_init ] --START--
INFO: Run Behavior\BuildLiteBehavior [ RunTime:0.000017s ]
INFO: [ app_init ] --END-- [ RunTime:0.000254s ]
INFO: [ app_begin ] --START--
INFO: Run Behavior\ReadHtmlCacheBehavior [ RunTime:0.000285s ]
INFO: [ app_begin ] --END-- [ RunTime:0.000361s ]
ERR: 非法操作:userInfo

[ 2017-07-24T20:54:09+08:00 ] 127.0.0.1 /Front/User/userInfo
INFO: [ app_init ] --START--
INFO: Run Behavior\BuildLiteBehavior [ RunTime:0.000026s ]
INFO: [ app_init ] --END-- [ RunTime:0.000649s ]
INFO: [ app_begin ] --START--
INFO: Run Behavior\ReadHtmlCacheBehavior [ RunTime:0.000644s ]
INFO: [ app_begin ] --END-- [ RunTime:0.000742s ]
ERR: 非法操作:userInfo

[ 2017-07-24T20:54:22+08:00 ] 127.0.0.1 /index.php/Front/User/userInfo
INFO: [ app_init ] --START--
INFO: Run Behavior\BuildLiteBehavior [ RunTime:0.000016s ]
INFO: [ app_init ] --END-- [ RunTime:0.000236s ]
INFO: [ app_begin ] --START--
INFO: Run Behavior\ReadHtmlCacheBehavior [ RunTime:0.000249s ]
INFO: [ app_begin ] --END-- [ RunTime:0.000315s ]
ERR: 非法操作:userInfo

[ 2017-07-24T20:54:24+08:00 ] 127.0.0.1 /index.php/Front/User/userInfo
INFO: [ app_init ] --START--
INFO: Run Behavior\BuildLiteBehavior [ RunTime:0.000015s ]
INFO: [ app_init ] --END-- [ RunTime:0.000229s ]
INFO: [ app_begin ] --START--
INFO: Run Behavior\ReadHtmlCacheBehavior [ RunTime:0.000245s ]
INFO: [ app_begin ] --END-- [ RunTime:0.000311s ]
ERR: 非法操作:userInfo

[ 2017-07-24T20:56:08+08:00 ] 127.0.0.1 /index.php/Front/UserModel/userInfo
INFO: [ app_init ] --START--
INFO: Run Behavior\BuildLiteBehavior [ RunTime:0.000016s ]
INFO: [ app_init ] --END-- [ RunTime:0.000239s ]
INFO: [ app_begin ] --START--
INFO: Run Behavior\ReadHtmlCacheBehavior [ RunTime:0.000256s ]
INFO: [ app_begin ] --END-- [ RunTime:0.000322s ]
ERR: 无法加载控制器:UserModel

[ 2017-07-24T20:56:19+08:00 ] 127.0.0.1 /index.php/Front
INFO: [ app_init ] --START--
INFO: Run Behavior\BuildLiteBehavior [ RunTime:0.000016s ]
INFO: [ app_init ] --END-- [ RunTime:0.000232s ]
INFO: [ app_begin ] --START--
INFO: Run Behavior\ReadHtmlCacheBehavior [ RunTime:0.000242s ]
INFO: [ app_begin ] --END-- [ RunTime:0.000308s ]
INFO: [ app_end ] --START--
INFO: Run Behavior\ShowPageTraceBehavior [ RunTime:0.005662s ]
INFO: [ app_end ] --END-- [ RunTime:0.005820s ]

[ 2017-07-24T20:56:26+08:00 ] 127.0.0.1 /index.php/Front/
INFO: [ app_init ] --START--
INFO: Run Behavior\BuildLiteBehavior [ RunTime:0.000051s ]
INFO: [ app_init ] --END-- [ RunTime:0.000743s ]
INFO: [ app_begin ] --START--
INFO: Run Behavior\ReadHtmlCacheBehavior [ RunTime:0.000317s ]
INFO: [ app_begin ] --END-- [ RunTime:0.000457s ]
INFO: [ app_end ] --START--
INFO: Run Behavior\ShowPageTraceBehavior [ RunTime:0.000543s ]
INFO: [ app_end ] --END-- [ RunTime:0.000633s ]

[ 2017-07-24T20:56:46+08:00 ] 127.0.0.1 /index.php/Front/User/user
INFO: [ app_init ] --START--
INFO: Run Behavior\BuildLiteBehavior [ RunTime:0.000018s ]
INFO: [ app_init ] --END-- [ RunTime:0.000276s ]
INFO: [ app_begin ] --START--
INFO: Run Behavior\ReadHtmlCacheBehavior [ RunTime:0.000245s ]
INFO: [ app_begin ] --END-- [ RunTime:0.000320s ]
INFO: [ app_end ] --START--
INFO: Run Behavior\ShowPageTraceBehavior [ RunTime:0.000255s ]
INFO: [ app_end ] --END-- [ RunTime:0.000320s ]

[ 2017-07-24T20:57:17+08:00 ] 127.0.0.1 /index.php/Front/User/userInfo
INFO: [ app_init ] --START--
INFO: Run Behavior\BuildLiteBehavior [ RunTime:0.000017s ]
INFO: [ app_init ] --END-- [ RunTime:0.000238s ]
INFO: [ app_begin ] --START--
INFO: Run Behavior\ReadHtmlCacheBehavior [ RunTime:0.000248s ]
INFO: [ app_begin ] --END-- [ RunTime:0.000314s ]
ERR: 非法操作:userInfo

[ 2017-07-24T21:01:00+08:00 ] 127.0.0.1 /
INFO: [ app_init ] --START--
INFO: Run Behavior\BuildLiteBehavior [ RunTime:0.000033s ]
INFO: [ app_init ] --END-- [ RunTime:0.000445s ]
INFO: [ app_begin ] --START--
INFO: Run Behavior\ReadHtmlCacheBehavior [ RunTime:0.000307s ]
INFO: [ app_begin ] --END-- [ RunTime:0.000385s ]
INFO: [ app_end ] --START--
INFO: Run Behavior\ShowPageTraceBehavior [ RunTime:0.000305s ]
INFO: [ app_end ] --END-- [ RunTime:0.000374s ]

[ 2017-07-24T21:01:25+08:00 ] 127.0.0.1 /Front/User/add
INFO: [ app_init ] --START--
INFO: Run Behavior\BuildLiteBehavior [ RunTime:0.000018s ]
INFO: [ app_init ] --END-- [ RunTime:0.000264s ]
INFO: [ app_begin ] --START--
INFO: Run Behavior\ReadHtmlCacheBehavior [ RunTime:0.000280s ]
INFO: [ app_begin ] --END-- [ RunTime:0.000354s ]

[ 2017-07-24T21:01:58+08:00 ] 127.0.0.1 /Front/User/add
INFO: [ app_init ] --START--
INFO: Run Behavior\BuildLiteBehavior [ RunTime:0.000033s ]
INFO: [ app_init ] --END-- [ RunTime:0.000633s ]
INFO: [ app_begin ] --START--
INFO: Run Behavior\ReadHtmlCacheBehavior [ RunTime:0.000301s ]
INFO: [ app_begin ] --END-- [ RunTime:0.000384s ]

[ 2017-07-24T21:02:03+08:00 ] 127.0.0.1 /Front/add
INFO: [ app_init ] --START--
INFO: Run Behavior\BuildLiteBehavior [ RunTime:0.000016s ]
INFO: [ app_init ] --END-- [ RunTime:0.000232s ]
INFO: [ app_begin ] --START--
INFO: Run Behavior\ReadHtmlCacheBehavior [ RunTime:0.000247s ]
INFO: [ app_begin ] --END-- [ RunTime:0.000326s ]
ERR: 无法加载控制器:Add

[ 2017-07-24T21:02:17+08:00 ] 127.0.0.1 /Front/User/user
INFO: [ app_init ] --START--
INFO: Run Behavior\BuildLiteBehavior [ RunTime:0.000017s ]
INFO: [ app_init ] --END-- [ RunTime:0.000238s ]
INFO: [ app_begin ] --START--
INFO: Run Behavior\ReadHtmlCacheBehavior [ RunTime:0.000273s ]
INFO: [ app_begin ] --END-- [ RunTime:0.000345s ]
INFO: [ app_end ] --START--
INFO: Run Behavior\ShowPageTraceBehavior [ RunTime:0.000274s ]
INFO: [ app_end ] --END-- [ RunTime:0.000346s ]

[ 2017-07-24T21:02:25+08:00 ] 127.0.0.1 /Front/User/add
INFO: [ app_init ] --START--
INFO: Run Behavior\BuildLiteBehavior [ RunTime:0.000017s ]
INFO: [ app_init ] --END-- [ RunTime:0.000238s ]
INFO: [ app_begin ] --START--
INFO: Run Behavior\ReadHtmlCacheBehavior [ RunTime:0.000256s ]
INFO: [ app_begin ] --END-- [ RunTime:0.000327s ]

[ 2017-07-24T21:03:07+08:00 ] 127.0.0.1 /Front/User/add
INFO: [ app_init ] --START--
INFO: Run Behavior\BuildLiteBehavior [ RunTime:0.000015s ]
INFO: [ app_init ] --END-- [ RunTime:0.000224s ]
INFO: [ app_begin ] --START--
INFO: Run Behavior\ReadHtmlCacheBehavior [ RunTime:0.000242s ]
INFO: [ app_begin ] --END-- [ RunTime:0.000307s ]
INFO: [ app_end ] --START--
INFO: Run Behavior\ShowPageTraceBehavior [ RunTime:0.000250s ]
INFO: [ app_end ] --END-- [ RunTime:0.000315s ]

[ 2017-07-24T21:05:16+08:00 ] 127.0.0.1 /Front/User/add
INFO: [ app_init ] --START--
INFO: Run Behavior\BuildLiteBehavior [ RunTime:0.000017s ]
INFO: [ app_init ] --END-- [ RunTime:0.000239s ]
INFO: [ app_begin ] --START--
INFO: Run Behavior\ReadHtmlCacheBehavior [ RunTime:0.000252s ]
INFO: [ app_begin ] --END-- [ RunTime:0.000318s ]
INFO: [ app_end ] --START--
INFO: Run Behavior\ShowPageTraceBehavior [ RunTime:0.000322s ]
INFO: [ app_end ] --END-- [ RunTime:0.000395s ]

[ 2017-07-24T21:05:36+08:00 ] 127.0.0.1 /Front/User/add
INFO: [ app_init ] --START--
INFO: Run Behavior\BuildLiteBehavior [ RunTime:0.000018s ]
INFO: [ app_init ] --END-- [ RunTime:0.000263s ]
INFO: [ app_begin ] --START--
INFO: Run Behavior\ReadHtmlCacheBehavior [ RunTime:0.000365s ]
INFO: [ app_begin ] --END-- [ RunTime:0.000467s ]
INFO: [ app_end ] --START--
INFO: Run Behavior\ShowPageTraceBehavior [ RunTime:0.000280s ]
INFO: [ app_end ] --END-- [ RunTime:0.000347s ]

[ 2017-07-24T21:11:26+08:00 ] 127.0.0.1 /Front/User/add
INFO: [ app_init ] --START--
INFO: Run Behavior\BuildLiteBehavior [ RunTime:0.000016s ]
INFO: [ app_init ] --END-- [ RunTime:0.000235s ]
INFO: [ app_begin ] --START--
INFO: Run Behavior\ReadHtmlCacheBehavior [ RunTime:0.000247s ]
INFO: [ app_begin ] --END-- [ RunTime:0.000319s ]
ERR: 无法加载数据库驱动: Think\Db\Driver\

[ 2017-07-24T21:11:59+08:00 ] 127.0.0.1 /Front/User/add
INFO: [ app_init ] --START--
INFO: Run Behavior\BuildLiteBehavior [ RunTime:0.000019s ]
INFO: [ app_init ] --END-- [ RunTime:0.000267s ]
INFO: [ app_begin ] --START--
INFO: Run Behavior\ReadHtmlCacheBehavior [ RunTime:0.000275s ]
INFO: [ app_begin ] --END-- [ RunTime:0.000348s ]

[ 2017-07-24T21:12:14+08:00 ] 127.0.0.1 /Front/User/add
INFO: [ app_init ] --START--
INFO: Run Behavior\BuildLiteBehavior [ RunTime:0.000018s ]
INFO: [ app_init ] --END-- [ RunTime:0.000250s ]
INFO: [ app_begin ] --START--
INFO: Run Behavior\ReadHtmlCacheBehavior [ RunTime:0.000258s ]
INFO: [ app_begin ] --END-- [ RunTime:0.000324s ]

[ 2017-07-24T21:12:30+08:00 ] 127.0.0.1 /Front/User/add
INFO: [ app_init ] --START--
INFO: Run Behavior\BuildLiteBehavior [ RunTime:0.000019s ]
INFO: [ app_init ] --END-- [ RunTime:0.000256s ]
INFO: [ app_begin ] --START--
INFO: Run Behavior\ReadHtmlCacheBehavior [ RunTime:0.000300s ]
INFO: [ app_begin ] --END-- [ RunTime:0.000370s ]
ERR: 无法加载数据库驱动: Think\Db\Driver\

[ 2017-07-24T21:24:31+08:00 ] 127.0.0.1 /Front/User/add
INFO: [ app_init ] --START--
INFO: Run Behavior\BuildLiteBehavior [ RunTime:0.000018s ]
INFO: [ app_init ] --END-- [ RunTime:0.000242s ]
INFO: [ app_begin ] --START--
INFO: Run Behavior\ReadHtmlCacheBehavior [ RunTime:0.000255s ]
INFO: [ app_begin ] --END-- [ RunTime:0.000328s ]
ERR: 1146:Table 'jwxt.jw_article' doesn't exist
 [ SQL语句 ] : SHOW COLUMNS FROM `jw_article`
ERR: 1146:Table 'jwxt.jw_article' doesn't exist
 [ SQL语句 ] : SHOW COLUMNS FROM `jw_article`

[ 2017-07-24T21:25:01+08:00 ] 127.0.0.1 /Front/User/add
INFO: [ app_init ] --START--
INFO: Run Behavior\BuildLiteBehavior [ RunTime:0.000018s ]
INFO: [ app_init ] --END-- [ RunTime:0.000250s ]
INFO: [ app_begin ] --START--
INFO: Run Behavior\ReadHtmlCacheBehavior [ RunTime:0.000282s ]
INFO: [ app_begin ] --END-- [ RunTime:0.000354s ]
ERR: 1146:Table 'jwxt.article' doesn't exist
 [ SQL语句 ] : SHOW COLUMNS FROM `article`
ERR: 1146:Table 'jwxt.article' doesn't exist
 [ SQL语句 ] : SHOW COLUMNS FROM `article`

[ 2017-07-24T21:25:09+08:00 ] 127.0.0.1 /Front/User/add
INFO: [ app_init ] --START--
INFO: Run Behavior\BuildLiteBehavior [ RunTime:0.000019s ]
INFO: [ app_init ] --END-- [ RunTime:0.000386s ]
INFO: [ app_begin ] --START--
INFO: Run Behavior\ReadHtmlCacheBehavior [ RunTime:0.000263s ]
INFO: [ app_begin ] --END-- [ RunTime:0.000328s ]
ERR: 1146:Table 'jwxt.jw_article' doesn't exist
 [ SQL语句 ] : SHOW COLUMNS FROM `jw_article`
ERR: 1146:Table 'jwxt.jw_article' doesn't exist
 [ SQL语句 ] : SHOW COLUMNS FROM `jw_article`

[ 2017-07-24T21:27:17+08:00 ] 127.0.0.1 /Front/User/add
INFO: [ app_init ] --START--
INFO: Run Behavior\BuildLiteBehavior [ RunTime:0.000026s ]
INFO: [ app_init ] --END-- [ RunTime:0.000362s ]
INFO: [ app_begin ] --START--
INFO: Run Behavior\ReadHtmlCacheBehavior [ RunTime:0.000703s ]
INFO: [ app_begin ] --END-- [ RunTime:0.000880s ]
ERR: 1146:Table 'jwxt.jw_categories' doesn't exist
 [ SQL语句 ] : SHOW COLUMNS FROM `jw_categories`
ERR: 1146:Table 'jwxt.jw_categories' doesn't exist
 [ SQL语句 ] : SHOW COLUMNS FROM `jw_categories`

[ 2017-07-24T21:27:18+08:00 ] 127.0.0.1 /Front/User/add
INFO: [ app_init ] --START--
INFO: Run Behavior\BuildLiteBehavior [ RunTime:0.000018s ]
INFO: [ app_init ] --END-- [ RunTime:0.000326s ]
INFO: [ app_begin ] --START--
INFO: Run Behavior\ReadHtmlCacheBehavior [ RunTime:0.000362s ]
INFO: [ app_begin ] --END-- [ RunTime:0.000457s ]
ERR: 1146:Table 'jwxt.jw_categories' doesn't exist
 [ SQL语句 ] : SHOW COLUMNS FROM `jw_categories`
ERR: 1146:Table 'jwxt.jw_categories' doesn't exist
 [ SQL语句 ] : SHOW COLUMNS FROM `jw_categories`

[ 2017-07-24T21:27:19+08:00 ] 127.0.0.1 /Front/User/add
INFO: [ app_init ] --START--
INFO: Run Behavior\BuildLiteBehavior [ RunTime:0.000015s ]
INFO: [ app_init ] --END-- [ RunTime:0.000226s ]
INFO: [ app_begin ] --START--
INFO: Run Behavior\ReadHtmlCacheBehavior [ RunTime:0.000241s ]
INFO: [ app_begin ] --END-- [ RunTime:0.000306s ]
ERR: 1146:Table 'jwxt.jw_categories' doesn't exist
 [ SQL语句 ] : SHOW COLUMNS FROM `jw_categories`
ERR: 1146:Table 'jwxt.jw_categories' doesn't exist
 [ SQL语句 ] : SHOW COLUMNS FROM `jw_categories`

[ 2017-07-24T21:27:20+08:00 ] 127.0.0.1 /Front/User/add
INFO: [ app_init ] --START--
INFO: Run Behavior\BuildLiteBehavior [ RunTime:0.000019s ]
INFO: [ app_init ] --END-- [ RunTime:0.000274s ]
INFO: [ app_begin ] --START--
INFO: Run Behavior\ReadHtmlCacheBehavior [ RunTime:0.000251s ]
INFO: [ app_begin ] --END-- [ RunTime:0.000316s ]
ERR: 1146:Table 'jwxt.jw_categories' doesn't exist
 [ SQL语句 ] : SHOW COLUMNS FROM `jw_categories`
ERR: 1146:Table 'jwxt.jw_categories' doesn't exist
 [ SQL语句 ] : SHOW COLUMNS FROM `jw_categories`

[ 2017-07-24T21:29:05+08:00 ] 127.0.0.1 /Front/User/add
INFO: [ app_init ] --START--
INFO: Run Behavior\BuildLiteBehavior [ RunTime:0.000024s ]
INFO: [ app_init ] --END-- [ RunTime:0.000627s ]
INFO: [ app_begin ] --START--
INFO: Run Behavior\ReadHtmlCacheBehavior [ RunTime:0.000584s ]
INFO: [ app_begin ] --END-- [ RunTime:0.000670s ]
ERR: 1146:Table 'jwxt.top_categories' doesn't exist
 [ SQL语句 ] : SHOW COLUMNS FROM `top_categories`
ERR: 1146:Table 'jwxt.top_categories' doesn't exist
 [ SQL语句 ] : SHOW COLUMNS FROM `top_categories`

[ 2017-07-24T21:31:20+08:00 ] 127.0.0.1 /Front/User/add
INFO: [ app_init ] --START--
INFO: Run Behavior\BuildLiteBehavior [ RunTime:0.000025s ]
INFO: [ app_init ] --END-- [ RunTime:0.000635s ]
INFO: [ app_begin ] --START--
INFO: Run Behavior\ReadHtmlCacheBehavior [ RunTime:0.000687s ]
INFO: [ app_begin ] --END-- [ RunTime:0.000786s ]
ERR: 1146:Table 'jwxt.top_categories' doesn't exist
 [ SQL语句 ] : SHOW COLUMNS FROM `top_categories`
ERR: 1146:Table 'jwxt.top_categories' doesn't exist
 [ SQL语句 ] : SHOW COLUMNS FROM `top_categories`

[ 2017-07-24T21:31:21+08:00 ] 127.0.0.1 /Front/User/add
INFO: [ app_init ] --START--
INFO: Run Behavior\BuildLiteBehavior [ RunTime:0.000016s ]
INFO: [ app_init ] --END-- [ RunTime:0.000225s ]
INFO: [ app_begin ] --START--
INFO: Run Behavior\ReadHtmlCacheBehavior [ RunTime:0.000245s ]
INFO: [ app_begin ] --END-- [ RunTime:0.000310s ]
ERR: 1146:Table 'jwxt.top_categories' doesn't exist
 [ SQL语句 ] : SHOW COLUMNS FROM `top_categories`
ERR: 1146:Table 'jwxt.top_categories' doesn't exist
 [ SQL语句 ] : SHOW COLUMNS FROM `top_categories`

[ 2017-07-24T21:31:22+08:00 ] 127.0.0.1 /Front/User/add
INFO: [ app_init ] --START--
INFO: Run Behavior\BuildLiteBehavior [ RunTime:0.000016s ]
INFO: [ app_init ] --END-- [ RunTime:0.000233s ]
INFO: [ app_begin ] --START--
INFO: Run Behavior\ReadHtmlCacheBehavior [ RunTime:0.000249s ]
INFO: [ app_begin ] --END-- [ RunTime:0.000315s ]
ERR: 1146:Table 'jwxt.top_categories' doesn't exist
 [ SQL语句 ] : SHOW COLUMNS FROM `top_categories`
ERR: 1146:Table 'jwxt.top_categories' doesn't exist
 [ SQL语句 ] : SHOW COLUMNS FROM `top_categories`

[ 2017-07-24T21:31:29+08:00 ] 127.0.0.1 /Front/User/add
INFO: [ app_init ] --START--
INFO: Run Behavior\BuildLiteBehavior [ RunTime:0.000015s ]
INFO: [ app_init ] --END-- [ RunTime:0.000227s ]
INFO: [ app_begin ] --START--
INFO: Run Behavior\ReadHtmlCacheBehavior [ RunTime:0.000243s ]
INFO: [ app_begin ] --END-- [ RunTime:0.000311s ]
ERR: 1146:Table 'jwxt.zzztop_categories' doesn't exist
 [ SQL语句 ] : SHOW COLUMNS FROM `zzztop_categories`
ERR: 1146:Table 'jwxt.zzztop_categories' doesn't exist
 [ SQL语句 ] : SHOW COLUMNS FROM `zzztop_categories`

[ 2017-07-24T21:35:15+08:00 ] 127.0.0.1 /Front/User/add
INFO: [ app_init ] --START--
INFO: Run Behavior\BuildLiteBehavior [ RunTime:0.000026s ]
INFO: [ app_init ] --END-- [ RunTime:0.000640s ]
INFO: [ app_begin ] --START--
INFO: Run Behavior\ReadHtmlCacheBehavior [ RunTime:0.000662s ]
INFO: [ app_begin ] --END-- [ RunTime:0.000769s ]
ERR: 1146:Table 'jwxt.zzztop_categories' doesn't exist
 [ SQL语句 ] : SHOW COLUMNS FROM `zzztop_categories`
ERR: 1146:Table 'jwxt.zzztop_categories' doesn't exist
 [ SQL语句 ] : SHOW COLUMNS FROM `zzztop_categories`

[ 2017-07-24T21:35:16+08:00 ] 127.0.0.1 /Front/User/add
INFO: [ app_init ] --START--
INFO: Run Behavior\BuildLiteBehavior [ RunTime:0.000015s ]
INFO: [ app_init ] --END-- [ RunTime:0.000225s ]
INFO: [ app_begin ] --START--
INFO: Run Behavior\ReadHtmlCacheBehavior [ RunTime:0.000242s ]
INFO: [ app_begin ] --END-- [ RunTime:0.000306s ]
ERR: 1146:Table 'jwxt.zzztop_categories' doesn't exist
 [ SQL语句 ] : SHOW COLUMNS FROM `zzztop_categories`
ERR: 1146:Table 'jwxt.zzztop_categories' doesn't exist
 [ SQL语句 ] : SHOW COLUMNS FROM `zzztop_categories`

[ 2017-07-24T21:35:31+08:00 ] 127.0.0.1 /Front/User/add
INFO: [ app_init ] --START--
INFO: Run Behavior\BuildLiteBehavior [ RunTime:0.000016s ]
INFO: [ app_init ] --END-- [ RunTime:0.000232s ]
INFO: [ app_begin ] --START--
INFO: Run Behavior\ReadHtmlCacheBehavior [ RunTime:0.000248s ]
INFO: [ app_begin ] --END-- [ RunTime:0.000315s ]
SQL: SHOW COLUMNS FROM `jw_article` [ RunTime:0.0021s ]
INFO: [ app_end ] --START--
INFO: Run Behavior\ShowPageTraceBehavior [ RunTime:0.000770s ]
INFO: [ app_end ] --END-- [ RunTime:0.000876s ]

[ 2017-07-24T21:36:50+08:00 ] 127.0.0.1 /Front/User/add
INFO: [ app_init ] --START--
INFO: Run Behavior\BuildLiteBehavior [ RunTime:0.000022s ]
INFO: [ app_init ] --END-- [ RunTime:0.000595s ]
INFO: [ app_begin ] --START--
INFO: Run Behavior\ReadHtmlCacheBehavior [ RunTime:0.000670s ]
INFO: [ app_begin ] --END-- [ RunTime:0.000773s ]
SQL: SHOW COLUMNS FROM `jw_article` [ RunTime:0.0005s ]
SQL: SHOW COLUMNS FROM `jw_article` [ RunTime:0.0004s ]
SQL: SELECT * FROM `jw_article`  [ RunTime:0.0003s ]
INFO: [ app_end ] --START--
INFO: Run Behavior\ShowPageTraceBehavior [ RunTime:0.001049s ]
INFO: [ app_end ] --END-- [ RunTime:0.001188s ]

[ 2017-07-24T21:37:02+08:00 ] 127.0.0.1 /Front/User/add
INFO: [ app_init ] --START--
INFO: Run Behavior\BuildLiteBehavior [ RunTime:0.000020s ]
INFO: [ app_init ] --END-- [ RunTime:0.000279s ]
INFO: [ app_begin ] --START--
INFO: Run Behavior\ReadHtmlCacheBehavior [ RunTime:0.000305s ]
INFO: [ app_begin ] --END-- [ RunTime:0.000384s ]
SQL: SHOW COLUMNS FROM `jw_article` [ RunTime:0.0005s ]
SQL: SHOW COLUMNS FROM `jw_article` [ RunTime:0.0006s ]
SQL: SELECT * FROM `jw_article`  [ RunTime:0.0003s ]
INFO: [ app_end ] --START--
INFO: Run Behavior\ShowPageTraceBehavior [ RunTime:0.000447s ]
INFO: [ app_end ] --END-- [ RunTime:0.000541s ]

[ 2017-07-24T21:37:28+08:00 ] 127.0.0.1 /Front/User/add
INFO: [ app_init ] --START--
INFO: Run Behavior\BuildLiteBehavior [ RunTime:0.000019s ]
INFO: [ app_init ] --END-- [ RunTime:0.000274s ]
INFO: [ app_begin ] --START--
INFO: Run Behavior\ReadHtmlCacheBehavior [ RunTime:0.000302s ]
INFO: [ app_begin ] --END-- [ RunTime:0.000372s ]
SQL: SHOW COLUMNS FROM `jw_article` [ RunTime:0.0004s ]
SQL: SHOW COLUMNS FROM `jw_article` [ RunTime:0.0003s ]
SQL: SELECT * FROM `jw_article`  [ RunTime:0.0002s ]
INFO: [ app_end ] --START--
INFO: Run Behavior\ShowPageTraceBehavior [ RunTime:0.000416s ]
INFO: [ app_end ] --END-- [ RunTime:0.000527s ]

[ 2017-07-24T21:40:59+08:00 ] 127.0.0.1 /Front/User/add
INFO: [ app_init ] --START--
INFO: Run Behavior\BuildLiteBehavior [ RunTime:0.000021s ]
INFO: [ app_init ] --END-- [ RunTime:0.000290s ]
INFO: [ app_begin ] --START--
INFO: Run Behavior\ReadHtmlCacheBehavior [ RunTime:0.000301s ]
INFO: [ app_begin ] --END-- [ RunTime:0.000380s ]
SQL: SHOW COLUMNS FROM `jw_article` [ RunTime:0.0005s ]
SQL: SHOW COLUMNS FROM `jw_article` [ RunTime:0.0004s ]
SQL: SELECT * FROM `jw_article`  [ RunTime:0.0002s ]
SQL: SHOW COLUMNS FROM `jw_member` [ RunTime:0.0004s ]
SQL: SELECT * FROM `jw_member`  [ RunTime:0.0002s ]
INFO: [ app_end ] --START--
INFO: Run Behavior\ShowPageTraceBehavior [ RunTime:0.000363s ]
INFO: [ app_end ] --END-- [ RunTime:0.000439s ]

[ 2017-07-24T21:42:22+08:00 ] 127.0.0.1 /Front/User/add
INFO: [ app_init ] --START--
INFO: Run Behavior\BuildLiteBehavior [ RunTime:0.000019s ]
INFO: [ app_init ] --END-- [ RunTime:0.000283s ]
INFO: [ app_begin ] --START--
INFO: Run Behavior\ReadHtmlCacheBehavior [ RunTime:0.000275s ]
INFO: [ app_begin ] --END-- [ RunTime:0.000357s ]
SQL: SHOW COLUMNS FROM `jw_article` [ RunTime:0.0004s ]
SQL: SHOW COLUMNS FROM `jw_article` [ RunTime:0.0003s ]
SQL: SELECT * FROM `jw_article`  [ RunTime:0.0002s ]
SQL: SHOW COLUMNS FROM `jw_member` [ RunTime:0.0004s ]
SQL: SELECT * FROM `jw_member`  [ RunTime:0.0002s ]

[ 2017-07-24T21:43:05+08:00 ] 127.0.0.1 /Front/User/add
INFO: [ app_init ] --START--
INFO: Run Behavior\BuildLiteBehavior [ RunTime:0.000016s ]
INFO: [ app_init ] --END-- [ RunTime:0.000231s ]
INFO: [ app_begin ] --START--
INFO: Run Behavior\ReadHtmlCacheBehavior [ RunTime:0.000255s ]
INFO: [ app_begin ] --END-- [ RunTime:0.000463s ]
SQL: SHOW COLUMNS FROM `jw_article` [ RunTime:0.0005s ]
SQL: SHOW COLUMNS FROM `jw_article` [ RunTime:0.0004s ]
SQL: SELECT * FROM `jw_article`  [ RunTime:0.0004s ]
SQL: SHOW COLUMNS FROM `jw_member` [ RunTime:0.0006s ]
SQL: SELECT * FROM `jw_member`  [ RunTime:0.0003s ]
INFO: [ app_end ] --START--
INFO: Run Behavior\ShowPageTraceBehavior [ RunTime:0.000425s ]
INFO: [ app_end ] --END-- [ RunTime:0.000509s ]

[ 2017-07-24T21:45:02+08:00 ] 127.0.0.1 /Front/User/add
INFO: [ app_init ] --START--
INFO: Run Behavior\BuildLiteBehavior [ RunTime:0.000018s ]
INFO: [ app_init ] --END-- [ RunTime:0.000261s ]
INFO: [ app_begin ] --START--
INFO: Run Behavior\ReadHtmlCacheBehavior [ RunTime:0.000315s ]
INFO: [ app_begin ] --END-- [ RunTime:0.000419s ]

[ 2017-07-24T21:45:03+08:00 ] 127.0.0.1 /Front/User/add
INFO: [ app_init ] --START--
INFO: Run Behavior\BuildLiteBehavior [ RunTime:0.000015s ]
INFO: [ app_init ] --END-- [ RunTime:0.000225s ]
INFO: [ app_begin ] --START--
INFO: Run Behavior\ReadHtmlCacheBehavior [ RunTime:0.000243s ]
INFO: [ app_begin ] --END-- [ RunTime:0.000308s ]

[ 2017-07-24T21:45:19+08:00 ] 127.0.0.1 /Front/User/add
INFO: [ app_init ] --START--
INFO: Run Behavior\BuildLiteBehavior [ RunTime:0.000015s ]
INFO: [ app_init ] --END-- [ RunTime:0.000226s ]
INFO: [ app_begin ] --START--
INFO: Run Behavior\ReadHtmlCacheBehavior [ RunTime:0.000243s ]
INFO: [ app_begin ] --END-- [ RunTime:0.000308s ]
SQL: SHOW COLUMNS FROM `jw_article` [ RunTime:0.0004s ]
SQL: SHOW COLUMNS FROM `jw_article` [ RunTime:0.0003s ]
SQL: SELECT * FROM `jw_article`  [ RunTime:0.0002s ]
SQL: SHOW COLUMNS FROM `jw_member` [ RunTime:0.0004s ]
SQL: SELECT * FROM `jw_member`  [ RunTime:0.0002s ]
SQL: SHOW COLUMNS FROM `jw_member` [ RunTime:0.0004s ]
SQL: SELECT * FROM `jw_member` LIMIT 1   [ RunTime:0.0002s ]
INFO: [ app_end ] --START--
INFO: Run Behavior\ShowPageTraceBehavior [ RunTime:0.000569s ]
INFO: [ app_end ] --END-- [ RunTime:0.000669s ]

[ 2017-07-24T21:45:20+08:00 ] 127.0.0.1 /Front/User/add
INFO: [ app_init ] --START--
INFO: Run Behavior\BuildLiteBehavior [ RunTime:0.000018s ]
INFO: [ app_init ] --END-- [ RunTime:0.000258s ]
INFO: [ app_begin ] --START--
INFO: Run Behavior\ReadHtmlCacheBehavior [ RunTime:0.000246s ]
INFO: [ app_begin ] --END-- [ RunTime:0.000310s ]
SQL: SHOW COLUMNS FROM `jw_article` [ RunTime:0.0005s ]
SQL: SHOW COLUMNS FROM `jw_article` [ RunTime:0.0004s ]
SQL: SELECT * FROM `jw_article`  [ RunTime:0.0002s ]
SQL: SHOW COLUMNS FROM `jw_member` [ RunTime:0.0004s ]
SQL: SELECT * FROM `jw_member`  [ RunTime:0.0002s ]
SQL: SHOW COLUMNS FROM `jw_member` [ RunTime:0.0003s ]
SQL: SELECT * FROM `jw_member` LIMIT 1   [ RunTime:0.0002s ]
INFO: [ app_end ] --START--
INFO: Run Behavior\ShowPageTraceBehavior [ RunTime:0.000389s ]
INFO: [ app_end ] --END-- [ RunTime:0.000470s ]

[ 2017-07-24T21:46:10+08:00 ] 127.0.0.1 /Front/User/add
INFO: [ app_init ] --START--
INFO: Run Behavior\BuildLiteBehavior [ RunTime:0.000016s ]
INFO: [ app_init ] --END-- [ RunTime:0.000248s ]
INFO: [ app_begin ] --START--
INFO: Run Behavior\ReadHtmlCacheBehavior [ RunTime:0.000243s ]
INFO: [ app_begin ] --END-- [ RunTime:0.000307s ]
SQL: SHOW COLUMNS FROM `jw_article` [ RunTime:0.0004s ]
SQL: SHOW COLUMNS FROM `jw_article` [ RunTime:0.0003s ]
SQL: SELECT * FROM `jw_article`  [ RunTime:0.0003s ]
SQL: SHOW COLUMNS FROM `jw_member` [ RunTime:0.0009s ]
SQL: SELECT * FROM `jw_member`  [ RunTime:0.0002s ]
SQL: SHOW COLUMNS FROM `jw_member` [ RunTime:0.0006s ]
SQL: SELECT * FROM `jw_member` LIMIT 1   [ RunTime:0.0004s ]
SQL: SHOW COLUMNS FROM `jw_member` [ RunTime:0.0009s ]
SQL: SELECT * FROM `jw_member` LIMIT 1   [ RunTime:0.0003s ]
INFO: [ app_end ] --START--
INFO: Run Behavior\ShowPageTraceBehavior [ RunTime:0.000393s ]
INFO: [ app_end ] --END-- [ RunTime:0.000472s ]

[ 2017-07-24T21:46:33+08:00 ] 127.0.0.1 /Front/User/add
INFO: [ app_init ] --START--
INFO: Run Behavior\BuildLiteBehavior [ RunTime:0.000021s ]
INFO: [ app_init ] --END-- [ RunTime:0.000294s ]
INFO: [ app_begin ] --START--
INFO: Run Behavior\ReadHtmlCacheBehavior [ RunTime:0.000307s ]
INFO: [ app_begin ] --END-- [ RunTime:0.000382s ]
SQL: SHOW COLUMNS FROM `jw_article` [ RunTime:0.0004s ]
SQL: SHOW COLUMNS FROM `jw_article` [ RunTime:0.0003s ]
SQL: SELECT * FROM `jw_article`  [ RunTime:0.0002s ]
SQL: SHOW COLUMNS FROM `jw_member` [ RunTime:0.0004s ]
SQL: SELECT * FROM `jw_member`  [ RunTime:0.0002s ]

[ 2017-07-24T21:46:39+08:00 ] 127.0.0.1 /Front/User/add
INFO: [ app_init ] --START--
INFO: Run Behavior\BuildLiteBehavior [ RunTime:0.000017s ]
INFO: [ app_init ] --END-- [ RunTime:0.000249s ]
INFO: [ app_begin ] --START--
INFO: Run Behavior\ReadHtmlCacheBehavior [ RunTime:0.000244s ]
INFO: [ app_begin ] --END-- [ RunTime:0.000308s ]
SQL: SHOW COLUMNS FROM `jw_article` [ RunTime:0.0005s ]
SQL: SHOW COLUMNS FROM `jw_article` [ RunTime:0.0004s ]
SQL: SELECT * FROM `jw_article`  [ RunTime:0.0002s ]
SQL: SHOW COLUMNS FROM `jw_member` [ RunTime:0.0004s ]
SQL: SELECT * FROM `jw_member`  [ RunTime:0.0002s ]

